{"contracts/SimpleSwap.sol":{"l":{"106":3,"122":4,"125":3,"127":3,"144":29,"145":28,"148":24,"179":19,"182":18,"183":15,"186":15,"187":15,"189":15,"194":15,"204":13,"205":13,"208":13,"214":12,"217":12,"218":5,"223":7,"229":12,"253":15,"254":12,"258":3,"260":3,"262":2,"263":1,"267":1,"269":1,"270":0,"289":13,"291":13,"293":12,"296":1,"299":1,"300":1,"303":1,"307":13,"317":12,"318":11,"319":11,"320":11,"321":792,"322":792,"325":0,"327":1,"353":4,"356":3,"358":3,"359":3,"361":3,"362":3,"364":3,"369":3,"370":3,"372":3,"373":2,"376":1,"379":1,"380":1,"382":1,"383":1,"388":0,"394":1,"413":7,"414":6,"417":4,"418":4,"420":4,"421":3,"423":3,"424":3,"426":3,"430":3,"433":2,"434":2,"437":1,"439":1,"442":1,"443":1,"448":0,"454":1,"469":1,"471":1,"474":1,"490":3,"506":5,"507":4,"510":3},"path":"/mnt/c/Users/Sarap/Desktop/ETH KIPU/Module4/IvanSarapura/SSDApp/contracts/SimpleSwap.sol","s":{"1":4,"2":3,"3":29,"4":28,"5":19,"6":18,"7":15,"8":15,"9":15,"10":15,"11":13,"12":13,"13":12,"14":12,"15":12,"16":15,"17":12,"18":3,"19":3,"20":2,"21":1,"22":1,"23":1,"24":0,"25":13,"26":13,"27":1,"28":1,"29":1,"30":13,"31":12,"32":11,"33":11,"34":1,"35":4,"36":3,"37":3,"38":3,"39":3,"40":3,"41":3,"42":3,"43":2,"44":1,"45":1,"46":1,"47":1,"48":1,"49":7,"50":6,"51":4,"52":4,"53":4,"54":3,"55":3,"56":3,"57":3,"58":3,"59":2,"60":2,"61":1,"62":1,"63":1,"64":1,"65":1,"66":1,"67":5,"68":4},"b":{"1":[1,2],"2":[28,1],"3":[24,4],"4":[11,13],"5":[18,1],"6":[5,10],"7":[5,7],"8":[12,3],"9":[2,1],"10":[1,1],"11":[0,1],"12":[12,1],"13":[1,0],"14":[0,1],"15":[12,1],"16":[11,1],"17":[0,1],"18":[3,1],"19":[3,0],"20":[2,1],"21":[1,1],"22":[1,0],"23":[6,1],"24":[4,2],"25":[2,1],"26":[2,1],"27":[1,1],"28":[1,0],"29":[1,0],"30":[4,1],"31":[3,1]},"f":{"1":23,"2":3,"3":4,"4":29,"5":19,"6":15,"7":13,"8":12,"9":4,"10":7,"11":1,"12":3,"13":5},"fnMap":{"1":{"name":"constructor","line":89,"loc":{"start":{"line":89,"column":4},"end":{"line":89,"column":63}}},"2":{"name":"getReserves","line":101,"loc":{"start":{"line":101,"column":4},"end":{"line":107,"column":4}}},"3":{"name":"_getReserves","line":117,"loc":{"start":{"line":117,"column":4},"end":{"line":130,"column":4}}},"4":{"name":"sortTokens","line":140,"loc":{"start":{"line":140,"column":4},"end":{"line":151,"column":4}}},"5":{"name":"addLiquidity","line":168,"loc":{"start":{"line":168,"column":4},"end":{"line":230,"column":4}}},"6":{"name":"_calculateOptimalAmounts","line":244,"loc":{"start":{"line":244,"column":4},"end":{"line":271,"column":4}}},"7":{"name":"calculateLPTokensToMint","line":282,"loc":{"start":{"line":282,"column":4},"end":{"line":308,"column":4}}},"8":{"name":"_sqrt","line":316,"loc":{"start":{"line":316,"column":4},"end":{"line":329,"column":4}}},"9":{"name":"removeLiquidity","line":344,"loc":{"start":{"line":344,"column":4},"end":{"line":395,"column":4}}},"10":{"name":"swapExactTokensForTokens","line":406,"loc":{"start":{"line":406,"column":4},"end":{"line":455,"column":4}}},"11":{"name":"getPrice","line":464,"loc":{"start":{"line":464,"column":4},"end":{"line":475,"column":4}}},"12":{"name":"getAmountOut","line":485,"loc":{"start":{"line":485,"column":4},"end":{"line":491,"column":4}}},"13":{"name":"_getAmountOut","line":501,"loc":{"start":{"line":501,"column":4},"end":{"line":511,"column":4}}}},"statementMap":{"1":{"start":{"line":122,"column":8},"end":{"line":122,"column":69}},"2":{"start":{"line":125,"column":8},"end":{"line":125,"column":72}},"3":{"start":{"line":144,"column":8},"end":{"line":144,"column":46}},"4":{"start":{"line":145,"column":8},"end":{"line":145,"column":76}},"5":{"start":{"line":179,"column":8},"end":{"line":179,"column":54}},"6":{"start":{"line":182,"column":8},"end":{"line":182,"column":69}},"7":{"start":{"line":183,"column":8},"end":{"line":183,"column":72}},"8":{"start":{"line":186,"column":8},"end":{"line":186,"column":45}},"9":{"start":{"line":187,"column":8},"end":{"line":187,"column":45}},"10":{"start":{"line":189,"column":8},"end":{"line":189,"column":6989}},"11":{"start":{"line":204,"column":8},"end":{"line":204,"column":70}},"12":{"start":{"line":205,"column":8},"end":{"line":205,"column":70}},"13":{"start":{"line":214,"column":8},"end":{"line":214,"column":27}},"14":{"start":{"line":217,"column":8},"end":{"line":217,"column":7849}},"15":{"start":{"line":229,"column":8},"end":{"line":229,"column":72}},"16":{"start":{"line":253,"column":8},"end":{"line":253,"column":9260}},"17":{"start":{"line":254,"column":12},"end":{"line":254,"column":51}},"18":{"start":{"line":258,"column":8},"end":{"line":258,"column":68}},"19":{"start":{"line":260,"column":8},"end":{"line":260,"column":9509}},"20":{"start":{"line":262,"column":12},"end":{"line":262,"column":63}},"21":{"start":{"line":263,"column":12},"end":{"line":263,"column":51}},"22":{"start":{"line":267,"column":8},"end":{"line":267,"column":68}},"23":{"start":{"line":269,"column":8},"end":{"line":269,"column":59}},"24":{"start":{"line":270,"column":8},"end":{"line":270,"column":47}},"25":{"start":{"line":289,"column":8},"end":{"line":289,"column":41}},"26":{"start":{"line":291,"column":8},"end":{"line":291,"column":10715}},"27":{"start":{"line":296,"column":12},"end":{"line":296,"column":68}},"28":{"start":{"line":299,"column":12},"end":{"line":299,"column":65}},"29":{"start":{"line":300,"column":12},"end":{"line":300,"column":65}},"30":{"start":{"line":307,"column":8},"end":{"line":307,"column":46}},"31":{"start":{"line":317,"column":8},"end":{"line":317,"column":11800}},"32":{"start":{"line":319,"column":12},"end":{"line":319,"column":30}},"33":{"start":{"line":320,"column":12},"end":{"line":320,"column":11883}},"34":{"start":{"line":324,"column":15},"end":{"line":324,"column":11988}},"35":{"start":{"line":353,"column":8},"end":{"line":353,"column":54}},"36":{"start":{"line":356,"column":8},"end":{"line":356,"column":41}},"37":{"start":{"line":358,"column":8},"end":{"line":358,"column":69}},"38":{"start":{"line":359,"column":8},"end":{"line":359,"column":72}},"39":{"start":{"line":361,"column":8},"end":{"line":361,"column":45}},"40":{"start":{"line":362,"column":8},"end":{"line":362,"column":45}},"41":{"start":{"line":364,"column":8},"end":{"line":364,"column":13481}},"42":{"start":{"line":372,"column":8},"end":{"line":372,"column":52}},"43":{"start":{"line":373,"column":8},"end":{"line":373,"column":52}},"44":{"start":{"line":376,"column":8},"end":{"line":376,"column":35}},"45":{"start":{"line":379,"column":8},"end":{"line":379,"column":43}},"46":{"start":{"line":380,"column":8},"end":{"line":380,"column":43}},"47":{"start":{"line":382,"column":8},"end":{"line":382,"column":14088}},"48":{"start":{"line":394,"column":8},"end":{"line":394,"column":74}},"49":{"start":{"line":413,"column":8},"end":{"line":413,"column":54}},"50":{"start":{"line":414,"column":8},"end":{"line":414,"column":48}},"51":{"start":{"line":417,"column":8},"end":{"line":417,"column":33}},"52":{"start":{"line":418,"column":8},"end":{"line":418,"column":34}},"53":{"start":{"line":420,"column":8},"end":{"line":420,"column":72}},"54":{"start":{"line":421,"column":8},"end":{"line":421,"column":72}},"55":{"start":{"line":423,"column":8},"end":{"line":423,"column":45}},"56":{"start":{"line":424,"column":8},"end":{"line":424,"column":45}},"57":{"start":{"line":426,"column":8},"end":{"line":426,"column":15766}},"58":{"start":{"line":430,"column":8},"end":{"line":430,"column":63}},"59":{"start":{"line":433,"column":8},"end":{"line":433,"column":71}},"60":{"start":{"line":434,"column":8},"end":{"line":434,"column":55}},"61":{"start":{"line":437,"column":8},"end":{"line":437,"column":72}},"62":{"start":{"line":439,"column":8},"end":{"line":439,"column":47}},"63":{"start":{"line":442,"column":8},"end":{"line":442,"column":16377}},"64":{"start":{"line":454,"column":8},"end":{"line":454,"column":61}},"65":{"start":{"line":469,"column":8},"end":{"line":469,"column":69}},"66":{"start":{"line":471,"column":8},"end":{"line":471,"column":44}},"67":{"start":{"line":506,"column":8},"end":{"line":506,"column":43}},"68":{"start":{"line":507,"column":8},"end":{"line":507,"column":67}}},"branchMap":{"1":{"line":128,"type":"if","locations":[{"start":{"line":128,"column":14},"end":{"line":128,"column":59}},{"start":{"line":129,"column":14},"end":{"line":129,"column":59}}]},"2":{"line":144,"type":"if","locations":[{"start":{"line":144,"column":8},"end":{"line":144,"column":8}},{"start":{"line":144,"column":8},"end":{"line":144,"column":8}}]},"3":{"line":145,"type":"if","locations":[{"start":{"line":145,"column":8},"end":{"line":145,"column":8}},{"start":{"line":145,"column":8},"end":{"line":145,"column":8}}]},"4":{"line":149,"type":"if","locations":[{"start":{"line":149,"column":14},"end":{"line":149,"column":29}},{"start":{"line":150,"column":14},"end":{"line":150,"column":29}}]},"5":{"line":179,"type":"if","locations":[{"start":{"line":179,"column":8},"end":{"line":179,"column":8}},{"start":{"line":179,"column":8},"end":{"line":179,"column":8}}]},"6":{"line":190,"type":"if","locations":[{"start":{"line":190,"column":14},"end":{"line":190,"column":33}},{"start":{"line":191,"column":14},"end":{"line":191,"column":33}}]},"7":{"line":217,"type":"if","locations":[{"start":{"line":217,"column":8},"end":{"line":217,"column":8}},{"start":{"line":217,"column":8},"end":{"line":217,"column":8}}]},"8":{"line":253,"type":"if","locations":[{"start":{"line":253,"column":8},"end":{"line":253,"column":8}},{"start":{"line":253,"column":8},"end":{"line":253,"column":8}}]},"9":{"line":260,"type":"if","locations":[{"start":{"line":260,"column":8},"end":{"line":260,"column":8}},{"start":{"line":260,"column":8},"end":{"line":260,"column":8}}]},"10":{"line":262,"type":"if","locations":[{"start":{"line":262,"column":12},"end":{"line":262,"column":12}},{"start":{"line":262,"column":12},"end":{"line":262,"column":12}}]},"11":{"line":269,"type":"if","locations":[{"start":{"line":269,"column":8},"end":{"line":269,"column":8}},{"start":{"line":269,"column":8},"end":{"line":269,"column":8}}]},"12":{"line":291,"type":"if","locations":[{"start":{"line":291,"column":8},"end":{"line":291,"column":8}},{"start":{"line":291,"column":8},"end":{"line":291,"column":8}}]},"13":{"line":296,"type":"if","locations":[{"start":{"line":296,"column":12},"end":{"line":296,"column":12}},{"start":{"line":296,"column":12},"end":{"line":296,"column":12}}]},"14":{"line":303,"type":"if","locations":[{"start":{"line":303,"column":50},"end":{"line":303,"column":59}},{"start":{"line":303,"column":63},"end":{"line":303,"column":72}}]},"15":{"line":307,"type":"if","locations":[{"start":{"line":307,"column":8},"end":{"line":307,"column":8}},{"start":{"line":307,"column":8},"end":{"line":307,"column":8}}]},"16":{"line":317,"type":"if","locations":[{"start":{"line":317,"column":8},"end":{"line":317,"column":8}},{"start":{"line":317,"column":8},"end":{"line":317,"column":8}}]},"17":{"line":324,"type":"if","locations":[{"start":{"line":324,"column":15},"end":{"line":324,"column":15}},{"start":{"line":324,"column":15},"end":{"line":324,"column":15}}]},"18":{"line":353,"type":"if","locations":[{"start":{"line":353,"column":8},"end":{"line":353,"column":8}},{"start":{"line":353,"column":8},"end":{"line":353,"column":8}}]},"19":{"line":365,"type":"if","locations":[{"start":{"line":365,"column":14},"end":{"line":365,"column":33}},{"start":{"line":366,"column":14},"end":{"line":366,"column":33}}]},"20":{"line":372,"type":"if","locations":[{"start":{"line":372,"column":8},"end":{"line":372,"column":8}},{"start":{"line":372,"column":8},"end":{"line":372,"column":8}}]},"21":{"line":373,"type":"if","locations":[{"start":{"line":373,"column":8},"end":{"line":373,"column":8}},{"start":{"line":373,"column":8},"end":{"line":373,"column":8}}]},"22":{"line":382,"type":"if","locations":[{"start":{"line":382,"column":8},"end":{"line":382,"column":8}},{"start":{"line":382,"column":8},"end":{"line":382,"column":8}}]},"23":{"line":413,"type":"if","locations":[{"start":{"line":413,"column":8},"end":{"line":413,"column":8}},{"start":{"line":413,"column":8},"end":{"line":413,"column":8}}]},"24":{"line":414,"type":"if","locations":[{"start":{"line":414,"column":8},"end":{"line":414,"column":8}},{"start":{"line":414,"column":8},"end":{"line":414,"column":8}}]},"25":{"line":427,"type":"if","locations":[{"start":{"line":427,"column":14},"end":{"line":427,"column":33}},{"start":{"line":428,"column":14},"end":{"line":428,"column":33}}]},"26":{"line":430,"type":"if","locations":[{"start":{"line":430,"column":8},"end":{"line":430,"column":8}},{"start":{"line":430,"column":8},"end":{"line":430,"column":8}}]},"27":{"line":434,"type":"if","locations":[{"start":{"line":434,"column":8},"end":{"line":434,"column":8}},{"start":{"line":434,"column":8},"end":{"line":434,"column":8}}]},"28":{"line":442,"type":"if","locations":[{"start":{"line":442,"column":8},"end":{"line":442,"column":8}},{"start":{"line":442,"column":8},"end":{"line":442,"column":8}}]},"29":{"line":471,"type":"if","locations":[{"start":{"line":471,"column":8},"end":{"line":471,"column":8}},{"start":{"line":471,"column":8},"end":{"line":471,"column":8}}]},"30":{"line":506,"type":"if","locations":[{"start":{"line":506,"column":8},"end":{"line":506,"column":8}},{"start":{"line":506,"column":8},"end":{"line":506,"column":8}}]},"31":{"line":507,"type":"if","locations":[{"start":{"line":507,"column":8},"end":{"line":507,"column":8}},{"start":{"line":507,"column":8},"end":{"line":507,"column":8}}]}}},"contracts/TokenA.sol":{"l":{"20":25,"30":26},"path":"/mnt/c/Users/Sarap/Desktop/ETH KIPU/Module4/IvanSarapura/SSDApp/contracts/TokenA.sol","s":{"1":25,"2":26},"b":{"1":[26,1]},"f":{"1":25,"2":26},"fnMap":{"1":{"name":"constructor","line":19,"loc":{"start":{"line":19,"column":4},"end":{"line":21,"column":4}}},"2":{"name":"mint","line":29,"loc":{"start":{"line":29,"column":4},"end":{"line":31,"column":4}}}},"statementMap":{"1":{"start":{"line":20,"column":8},"end":{"line":20,"column":54}},"2":{"start":{"line":30,"column":8},"end":{"line":30,"column":24}}},"branchMap":{"1":{"line":29,"type":"if","locations":[{"start":{"line":29,"column":53},"end":{"line":29,"column":53}},{"start":{"line":29,"column":53},"end":{"line":29,"column":53}}]}}},"contracts/TokenB.sol":{"l":{"20":25,"30":26},"path":"/mnt/c/Users/Sarap/Desktop/ETH KIPU/Module4/IvanSarapura/SSDApp/contracts/TokenB.sol","s":{"1":25,"2":26},"b":{"1":[26,1]},"f":{"1":25,"2":26},"fnMap":{"1":{"name":"constructor","line":19,"loc":{"start":{"line":19,"column":4},"end":{"line":21,"column":4}}},"2":{"name":"mint","line":29,"loc":{"start":{"line":29,"column":4},"end":{"line":31,"column":4}}}},"statementMap":{"1":{"start":{"line":20,"column":8},"end":{"line":20,"column":54}},"2":{"start":{"line":30,"column":8},"end":{"line":30,"column":24}}},"branchMap":{"1":{"line":29,"type":"if","locations":[{"start":{"line":29,"column":53},"end":{"line":29,"column":53}},{"start":{"line":29,"column":53},"end":{"line":29,"column":53}}]}}}}