{"contracts/SimpleSwap.sol":{"l":{"106":2,"122":3,"125":3,"127":3,"144":11,"145":10,"148":10,"179":5,"182":5,"183":4,"186":4,"187":4,"189":4,"194":4,"204":4,"205":4,"208":4,"214":4,"217":4,"218":3,"219":3,"221":1,"222":1,"225":4,"249":4,"250":4,"254":0,"256":0,"258":0,"259":0,"263":0,"265":0,"266":0,"285":4,"287":4,"289":4,"292":0,"295":0,"296":0,"299":0,"303":4,"313":4,"314":4,"315":4,"316":4,"317":288,"318":288,"321":0,"323":0,"349":1,"352":1,"354":1,"355":1,"357":1,"358":1,"360":1,"365":1,"366":1,"368":1,"369":1,"372":1,"375":1,"376":1,"378":1,"379":1,"380":1,"382":0,"383":0,"386":1,"405":2,"406":2,"409":2,"410":2,"412":2,"413":2,"415":2,"416":2,"418":2,"422":2,"425":1,"426":1,"429":1,"432":1,"435":1,"436":1,"437":1,"439":0,"440":0,"443":1,"458":1,"460":1,"463":1,"479":3,"495":4,"496":3,"499":2},"path":"/mnt/c/Users/Sarap/Desktop/ETH KIPU/Module4/IvanSarapura/SSDApp/contracts/SimpleSwap.sol","s":{"1":3,"2":3,"3":11,"4":10,"5":5,"6":5,"7":4,"8":4,"9":4,"10":4,"11":4,"12":4,"13":4,"14":4,"15":4,"16":4,"17":4,"18":0,"19":0,"20":0,"21":0,"22":0,"23":0,"24":0,"25":4,"26":4,"27":0,"28":0,"29":0,"30":4,"31":4,"32":4,"33":4,"34":0,"35":1,"36":1,"37":1,"38":1,"39":1,"40":1,"41":1,"42":1,"43":1,"44":1,"45":1,"46":1,"47":1,"48":1,"49":2,"50":2,"51":2,"52":2,"53":2,"54":2,"55":2,"56":2,"57":2,"58":2,"59":1,"60":1,"61":1,"62":1,"63":1,"64":1,"65":1,"66":1,"67":4,"68":3},"b":{"1":[1,2],"2":[10,1],"3":[10,0],"4":[6,4],"5":[5,0],"6":[3,1],"7":[3,1],"8":[4,0],"9":[0,0],"10":[0,0],"11":[0,0],"12":[4,0],"13":[0,0],"14":[0,0],"15":[4,0],"16":[4,0],"17":[0,0],"18":[1,0],"19":[1,0],"20":[1,0],"21":[1,0],"22":[1,0],"23":[2,0],"24":[2,0],"25":[1,1],"26":[1,1],"27":[1,0],"28":[1,0],"29":[1,0],"30":[3,1],"31":[2,1]},"f":{"1":9,"2":2,"3":3,"4":11,"5":5,"6":4,"7":4,"8":4,"9":1,"10":2,"11":1,"12":3,"13":4},"fnMap":{"1":{"name":"constructor","line":89,"loc":{"start":{"line":89,"column":4},"end":{"line":89,"column":63}}},"2":{"name":"getReserves","line":101,"loc":{"start":{"line":101,"column":4},"end":{"line":107,"column":4}}},"3":{"name":"_getReserves","line":117,"loc":{"start":{"line":117,"column":4},"end":{"line":130,"column":4}}},"4":{"name":"sortTokens","line":140,"loc":{"start":{"line":140,"column":4},"end":{"line":151,"column":4}}},"5":{"name":"addLiquidity","line":168,"loc":{"start":{"line":168,"column":4},"end":{"line":226,"column":4}}},"6":{"name":"_calculateOptimalAmounts","line":240,"loc":{"start":{"line":240,"column":4},"end":{"line":267,"column":4}}},"7":{"name":"calculateLPTokensToMint","line":278,"loc":{"start":{"line":278,"column":4},"end":{"line":304,"column":4}}},"8":{"name":"_sqrt","line":312,"loc":{"start":{"line":312,"column":4},"end":{"line":325,"column":4}}},"9":{"name":"removeLiquidity","line":340,"loc":{"start":{"line":340,"column":4},"end":{"line":387,"column":4}}},"10":{"name":"swapExactTokensForTokens","line":398,"loc":{"start":{"line":398,"column":4},"end":{"line":444,"column":4}}},"11":{"name":"getPrice","line":453,"loc":{"start":{"line":453,"column":4},"end":{"line":464,"column":4}}},"12":{"name":"getAmountOut","line":474,"loc":{"start":{"line":474,"column":4},"end":{"line":480,"column":4}}},"13":{"name":"_getAmountOut","line":490,"loc":{"start":{"line":490,"column":4},"end":{"line":500,"column":4}}}},"statementMap":{"1":{"start":{"line":122,"column":8},"end":{"line":122,"column":69}},"2":{"start":{"line":125,"column":8},"end":{"line":125,"column":61}},"3":{"start":{"line":144,"column":8},"end":{"line":144,"column":46}},"4":{"start":{"line":145,"column":8},"end":{"line":145,"column":76}},"5":{"start":{"line":179,"column":8},"end":{"line":179,"column":54}},"6":{"start":{"line":182,"column":8},"end":{"line":182,"column":69}},"7":{"start":{"line":183,"column":8},"end":{"line":183,"column":62}},"8":{"start":{"line":186,"column":8},"end":{"line":186,"column":34}},"9":{"start":{"line":187,"column":8},"end":{"line":187,"column":34}},"10":{"start":{"line":189,"column":8},"end":{"line":189,"column":6886}},"11":{"start":{"line":204,"column":8},"end":{"line":204,"column":70}},"12":{"start":{"line":205,"column":8},"end":{"line":205,"column":70}},"13":{"start":{"line":214,"column":8},"end":{"line":214,"column":27}},"14":{"start":{"line":217,"column":8},"end":{"line":217,"column":7746}},"15":{"start":{"line":225,"column":8},"end":{"line":225,"column":72}},"16":{"start":{"line":249,"column":8},"end":{"line":249,"column":9011}},"17":{"start":{"line":250,"column":12},"end":{"line":250,"column":51}},"18":{"start":{"line":254,"column":8},"end":{"line":254,"column":68}},"19":{"start":{"line":256,"column":8},"end":{"line":256,"column":9260}},"20":{"start":{"line":258,"column":12},"end":{"line":258,"column":72}},"21":{"start":{"line":259,"column":12},"end":{"line":259,"column":51}},"22":{"start":{"line":263,"column":8},"end":{"line":263,"column":68}},"23":{"start":{"line":265,"column":8},"end":{"line":265,"column":68}},"24":{"start":{"line":266,"column":8},"end":{"line":266,"column":47}},"25":{"start":{"line":285,"column":8},"end":{"line":285,"column":41}},"26":{"start":{"line":287,"column":8},"end":{"line":287,"column":10484}},"27":{"start":{"line":292,"column":12},"end":{"line":292,"column":68}},"28":{"start":{"line":295,"column":12},"end":{"line":295,"column":65}},"29":{"start":{"line":296,"column":12},"end":{"line":296,"column":65}},"30":{"start":{"line":303,"column":8},"end":{"line":303,"column":55}},"31":{"start":{"line":313,"column":8},"end":{"line":313,"column":11578}},"32":{"start":{"line":315,"column":12},"end":{"line":315,"column":30}},"33":{"start":{"line":316,"column":12},"end":{"line":316,"column":11661}},"34":{"start":{"line":320,"column":15},"end":{"line":320,"column":11766}},"35":{"start":{"line":349,"column":8},"end":{"line":349,"column":54}},"36":{"start":{"line":352,"column":8},"end":{"line":352,"column":41}},"37":{"start":{"line":354,"column":8},"end":{"line":354,"column":69}},"38":{"start":{"line":355,"column":8},"end":{"line":355,"column":62}},"39":{"start":{"line":357,"column":8},"end":{"line":357,"column":34}},"40":{"start":{"line":358,"column":8},"end":{"line":358,"column":34}},"41":{"start":{"line":360,"column":8},"end":{"line":360,"column":13211}},"42":{"start":{"line":368,"column":8},"end":{"line":368,"column":61}},"43":{"start":{"line":369,"column":8},"end":{"line":369,"column":61}},"44":{"start":{"line":372,"column":8},"end":{"line":372,"column":35}},"45":{"start":{"line":375,"column":8},"end":{"line":375,"column":43}},"46":{"start":{"line":376,"column":8},"end":{"line":376,"column":43}},"47":{"start":{"line":378,"column":8},"end":{"line":378,"column":13836}},"48":{"start":{"line":386,"column":8},"end":{"line":386,"column":74}},"49":{"start":{"line":405,"column":8},"end":{"line":405,"column":54}},"50":{"start":{"line":406,"column":8},"end":{"line":406,"column":48}},"51":{"start":{"line":409,"column":8},"end":{"line":409,"column":33}},"52":{"start":{"line":410,"column":8},"end":{"line":410,"column":34}},"53":{"start":{"line":412,"column":8},"end":{"line":412,"column":72}},"54":{"start":{"line":413,"column":8},"end":{"line":413,"column":62}},"55":{"start":{"line":415,"column":8},"end":{"line":415,"column":34}},"56":{"start":{"line":416,"column":8},"end":{"line":416,"column":34}},"57":{"start":{"line":418,"column":8},"end":{"line":418,"column":15320}},"58":{"start":{"line":422,"column":8},"end":{"line":422,"column":63}},"59":{"start":{"line":425,"column":8},"end":{"line":425,"column":71}},"60":{"start":{"line":426,"column":8},"end":{"line":426,"column":64}},"61":{"start":{"line":429,"column":8},"end":{"line":429,"column":72}},"62":{"start":{"line":432,"column":8},"end":{"line":432,"column":47}},"63":{"start":{"line":435,"column":8},"end":{"line":435,"column":15942}},"64":{"start":{"line":443,"column":8},"end":{"line":443,"column":61}},"65":{"start":{"line":458,"column":8},"end":{"line":458,"column":69}},"66":{"start":{"line":460,"column":8},"end":{"line":460,"column":44}},"67":{"start":{"line":495,"column":8},"end":{"line":495,"column":43}},"68":{"start":{"line":496,"column":8},"end":{"line":496,"column":67}}},"branchMap":{"1":{"line":128,"type":"if","locations":[{"start":{"line":128,"column":14},"end":{"line":128,"column":37}},{"start":{"line":129,"column":14},"end":{"line":129,"column":37}}]},"2":{"line":144,"type":"if","locations":[{"start":{"line":144,"column":8},"end":{"line":144,"column":8}},{"start":{"line":144,"column":8},"end":{"line":144,"column":8}}]},"3":{"line":145,"type":"if","locations":[{"start":{"line":145,"column":8},"end":{"line":145,"column":8}},{"start":{"line":145,"column":8},"end":{"line":145,"column":8}}]},"4":{"line":149,"type":"if","locations":[{"start":{"line":149,"column":14},"end":{"line":149,"column":29}},{"start":{"line":150,"column":14},"end":{"line":150,"column":29}}]},"5":{"line":179,"type":"if","locations":[{"start":{"line":179,"column":8},"end":{"line":179,"column":8}},{"start":{"line":179,"column":8},"end":{"line":179,"column":8}}]},"6":{"line":190,"type":"if","locations":[{"start":{"line":190,"column":14},"end":{"line":190,"column":33}},{"start":{"line":191,"column":14},"end":{"line":191,"column":33}}]},"7":{"line":217,"type":"if","locations":[{"start":{"line":217,"column":8},"end":{"line":217,"column":8}},{"start":{"line":217,"column":8},"end":{"line":217,"column":8}}]},"8":{"line":249,"type":"if","locations":[{"start":{"line":249,"column":8},"end":{"line":249,"column":8}},{"start":{"line":249,"column":8},"end":{"line":249,"column":8}}]},"9":{"line":256,"type":"if","locations":[{"start":{"line":256,"column":8},"end":{"line":256,"column":8}},{"start":{"line":256,"column":8},"end":{"line":256,"column":8}}]},"10":{"line":258,"type":"if","locations":[{"start":{"line":258,"column":12},"end":{"line":258,"column":12}},{"start":{"line":258,"column":12},"end":{"line":258,"column":12}}]},"11":{"line":265,"type":"if","locations":[{"start":{"line":265,"column":8},"end":{"line":265,"column":8}},{"start":{"line":265,"column":8},"end":{"line":265,"column":8}}]},"12":{"line":287,"type":"if","locations":[{"start":{"line":287,"column":8},"end":{"line":287,"column":8}},{"start":{"line":287,"column":8},"end":{"line":287,"column":8}}]},"13":{"line":292,"type":"if","locations":[{"start":{"line":292,"column":12},"end":{"line":292,"column":12}},{"start":{"line":292,"column":12},"end":{"line":292,"column":12}}]},"14":{"line":299,"type":"if","locations":[{"start":{"line":299,"column":50},"end":{"line":299,"column":59}},{"start":{"line":299,"column":63},"end":{"line":299,"column":72}}]},"15":{"line":303,"type":"if","locations":[{"start":{"line":303,"column":8},"end":{"line":303,"column":8}},{"start":{"line":303,"column":8},"end":{"line":303,"column":8}}]},"16":{"line":313,"type":"if","locations":[{"start":{"line":313,"column":8},"end":{"line":313,"column":8}},{"start":{"line":313,"column":8},"end":{"line":313,"column":8}}]},"17":{"line":320,"type":"if","locations":[{"start":{"line":320,"column":15},"end":{"line":320,"column":15}},{"start":{"line":320,"column":15},"end":{"line":320,"column":15}}]},"18":{"line":349,"type":"if","locations":[{"start":{"line":349,"column":8},"end":{"line":349,"column":8}},{"start":{"line":349,"column":8},"end":{"line":349,"column":8}}]},"19":{"line":361,"type":"if","locations":[{"start":{"line":361,"column":14},"end":{"line":361,"column":33}},{"start":{"line":362,"column":14},"end":{"line":362,"column":33}}]},"20":{"line":368,"type":"if","locations":[{"start":{"line":368,"column":8},"end":{"line":368,"column":8}},{"start":{"line":368,"column":8},"end":{"line":368,"column":8}}]},"21":{"line":369,"type":"if","locations":[{"start":{"line":369,"column":8},"end":{"line":369,"column":8}},{"start":{"line":369,"column":8},"end":{"line":369,"column":8}}]},"22":{"line":378,"type":"if","locations":[{"start":{"line":378,"column":8},"end":{"line":378,"column":8}},{"start":{"line":378,"column":8},"end":{"line":378,"column":8}}]},"23":{"line":405,"type":"if","locations":[{"start":{"line":405,"column":8},"end":{"line":405,"column":8}},{"start":{"line":405,"column":8},"end":{"line":405,"column":8}}]},"24":{"line":406,"type":"if","locations":[{"start":{"line":406,"column":8},"end":{"line":406,"column":8}},{"start":{"line":406,"column":8},"end":{"line":406,"column":8}}]},"25":{"line":419,"type":"if","locations":[{"start":{"line":419,"column":14},"end":{"line":419,"column":33}},{"start":{"line":420,"column":14},"end":{"line":420,"column":33}}]},"26":{"line":422,"type":"if","locations":[{"start":{"line":422,"column":8},"end":{"line":422,"column":8}},{"start":{"line":422,"column":8},"end":{"line":422,"column":8}}]},"27":{"line":426,"type":"if","locations":[{"start":{"line":426,"column":8},"end":{"line":426,"column":8}},{"start":{"line":426,"column":8},"end":{"line":426,"column":8}}]},"28":{"line":435,"type":"if","locations":[{"start":{"line":435,"column":8},"end":{"line":435,"column":8}},{"start":{"line":435,"column":8},"end":{"line":435,"column":8}}]},"29":{"line":460,"type":"if","locations":[{"start":{"line":460,"column":8},"end":{"line":460,"column":8}},{"start":{"line":460,"column":8},"end":{"line":460,"column":8}}]},"30":{"line":495,"type":"if","locations":[{"start":{"line":495,"column":8},"end":{"line":495,"column":8}},{"start":{"line":495,"column":8},"end":{"line":495,"column":8}}]},"31":{"line":496,"type":"if","locations":[{"start":{"line":496,"column":8},"end":{"line":496,"column":8}},{"start":{"line":496,"column":8},"end":{"line":496,"column":8}}]}}},"contracts/TokenA.sol":{"l":{"11":9,"16":9},"path":"/mnt/c/Users/Sarap/Desktop/ETH KIPU/Module4/IvanSarapura/SSDApp/contracts/TokenA.sol","s":{"1":9,"2":9},"b":{"1":[9,0]},"f":{"1":9,"2":9},"fnMap":{"1":{"name":"constructor","line":9,"loc":{"start":{"line":9,"column":4},"end":{"line":12,"column":4}}},"2":{"name":"mint","line":14,"loc":{"start":{"line":14,"column":4},"end":{"line":17,"column":4}}}},"statementMap":{"1":{"start":{"line":11,"column":8},"end":{"line":11,"column":54}},"2":{"start":{"line":16,"column":8},"end":{"line":16,"column":24}}},"branchMap":{"1":{"line":14,"type":"if","locations":[{"start":{"line":14,"column":53},"end":{"line":14,"column":53}},{"start":{"line":14,"column":53},"end":{"line":14,"column":53}}]}}},"contracts/TokenB.sol":{"l":{"11":9,"16":9},"path":"/mnt/c/Users/Sarap/Desktop/ETH KIPU/Module4/IvanSarapura/SSDApp/contracts/TokenB.sol","s":{"1":9,"2":9},"b":{"1":[9,0]},"f":{"1":9,"2":9},"fnMap":{"1":{"name":"constructor","line":9,"loc":{"start":{"line":9,"column":4},"end":{"line":12,"column":4}}},"2":{"name":"mint","line":14,"loc":{"start":{"line":14,"column":4},"end":{"line":17,"column":4}}}},"statementMap":{"1":{"start":{"line":11,"column":8},"end":{"line":11,"column":54}},"2":{"start":{"line":16,"column":8},"end":{"line":16,"column":24}}},"branchMap":{"1":{"line":14,"type":"if","locations":[{"start":{"line":14,"column":53},"end":{"line":14,"column":53}},{"start":{"line":14,"column":53},"end":{"line":14,"column":53}}]}}}}